<?xml version="1.0" encoding="UTF-8"?>
<testng-results ignored="0" total="1" passed="1" failed="0" skipped="0">
  <reporter-output>
  </reporter-output>
  <suite started-at="2024-05-06T18:17:48 IST" name="JdMart_Rishabh_Sehgal" finished-at="2024-05-06T18:18:04 IST" duration-ms="16103">
    <groups>
    </groups>
    <test started-at="2024-05-06T18:17:48 IST" name="JdMart" finished-at="2024-05-06T18:18:04 IST" duration-ms="16103">
      <class name="TestCases.TC_003">
        <test-method is-config="true" signature="setup(java.lang.String)[pri:0, instance:TestCases.TC_003@20ce78ec]" started-at="2024-05-06T18:17:48 IST" name="setup" finished-at="2024-05-06T18:17:51 IST" duration-ms="3790" status="PASS">
          <params>
            <param index="0">
              <value>
                <![CDATA[firefox]]>
              </value>
            </param>
          </params>
          <reporter-output>
          </reporter-output>
        </test-method> <!-- setup -->
        <test-method signature="RFQTest()[pri:0, instance:TestCases.TC_003@20ce78ec]" started-at="2024-05-06T18:17:51 IST" name="RFQTest" finished-at="2024-05-06T18:18:03 IST" duration-ms="11808" status="PASS">
          <reporter-output>
          </reporter-output>
        </test-method> <!-- RFQTest -->
        <test-method is-config="true" signature="tearDown()[pri:0, instance:TestCases.TC_003@20ce78ec]" started-at="2024-05-06T18:18:03 IST" name="tearDown" finished-at="2024-05-06T18:18:04 IST" duration-ms="407" status="PASS">
          <reporter-output>
          </reporter-output>
        </test-method> <!-- tearDown -->
      </class> <!-- TestCases.TC_003 -->
    </test> <!-- JdMart -->
  </suite> <!-- JdMart_Rishabh_Sehgal -->
</testng-results>
